<?xml version="1.0" encoding="UTF-8"?>
<!-- Generated by org.testng.reporters.JUnitReportReporter -->
<testsuite skipped="0" hostname="DESKTOP-82OA5DQ" name="test.ListCustomersTest" tests="1" failures="0" timestamp="2021-10-15T18:25:34 CDT" time="15.593" errors="0">
  <testcase name="validUserShouldBeAbelToLogin" time="15.593" classname="test.ListCustomersTest"/>
  <system-out/>
</testsuite> <!-- test.ListCustomersTest -->
