<?xml version="1.0" encoding="UTF-8"?>
<!-- Generated by org.testng.reporters.JUnitReportReporter -->
<testsuite skipped="0" hostname="DESKTOP-82OA5DQ" name="test.AddCustomerTest" tests="1" failures="0" timestamp="2021-10-15T18:25:34 CDT" time="18.865" errors="0">
  <testcase name="validUserShouldBeAbelToLogin" time="18.865" classname="test.AddCustomerTest"/>
  <system-out/>
</testsuite> <!-- test.AddCustomerTest -->
